Build started 22.12.2015 10:24:27.
     1>Project "D:\Текущее\Поля\TSet_2\TSet_2\TSet_2.vcxproj" on node 2 (build target(s)).
     1>InitializeBuildStatus:
         Creating "Debug\TSet_2.unsuccessfulbuild" because "AlwaysCreate" was specified.
       ClCompile:
         c:\Program Files (x86)\Microsoft Visual Studio 10.0\VC\bin\CL.exe /c /ZI /nologo /W3 /WX- /Od /Oy- /D _MBCS /Gm /EHsc /RTC1 /MDd /GS /fp:precise /Zc:wchar_t /Zc:forScope /Fo"Debug\\" /Fd"Debug\vc100.pdb" /Gd /TP /analyze- /errorReport:prompt Mein.cpp TBitField.cpp TSet.cpp
         TSet.cpp
         TBitField.cpp
         Mein.cpp
     1>d:\текущее\поля\tset_2\tset_2\mein.cpp(12): warning C4101: 'j' : unreferenced local variable
     1>d:\текущее\поля\tset_2\tset_2\mein.cpp(26): warning C4996: 'scanf': This function or variable may be unsafe. Consider using scanf_s instead. To disable deprecation, use _CRT_SECURE_NO_WARNINGS. See online help for details.
                 c:\program files (x86)\microsoft visual studio 10.0\vc\include\stdio.h(304) : see declaration of 'scanf'
     1>d:\текущее\поля\tset_2\tset_2\mein.cpp(51): warning C4129: ' ' : unrecognized character escape sequence
     1>d:\текущее\поля\tset_2\tset_2\mein.cpp(52): warning C4996: 'scanf': This function or variable may be unsafe. Consider using scanf_s instead. To disable deprecation, use _CRT_SECURE_NO_WARNINGS. See online help for details.
                 c:\program files (x86)\microsoft visual studio 10.0\vc\include\stdio.h(304) : see declaration of 'scanf'
     1>d:\текущее\поля\tset_2\tset_2\mein.cpp(66): warning C4996: 'scanf': This function or variable may be unsafe. Consider using scanf_s instead. To disable deprecation, use _CRT_SECURE_NO_WARNINGS. See online help for details.
                 c:\program files (x86)\microsoft visual studio 10.0\vc\include\stdio.h(304) : see declaration of 'scanf'
         Generating Code...
     1>d:\текущее\поля\tset_2\tset_2\tbitfield.cpp(52): warning C4715: 'TBitField::GetBit' : not all control paths return a value
       Link:
         c:\Program Files (x86)\Microsoft Visual Studio 10.0\VC\bin\link.exe /ERRORREPORT:PROMPT /OUT:"D:\Текущее\Поля\TSet_2\Debug\TSet_2.exe" /NOLOGO kernel32.lib user32.lib gdi32.lib winspool.lib comdlg32.lib advapi32.lib shell32.lib ole32.lib oleaut32.lib uuid.lib odbc32.lib odbccp32.lib /MANIFEST /ManifestFile:"Debug\TSet_2.exe.intermediate.manifest" /MANIFESTUAC:"level='asInvoker' uiAccess='false'" /DEBUG /PDB:"D:\Текущее\Поля\TSet_2\Debug\TSet_2.pdb" /TLBID:1 /DYNAMICBASE /NXCOMPAT /IMPLIB:"D:\Текущее\Поля\TSet_2\Debug\TSet_2.lib" /MACHINE:X86 Debug\Mein.obj
         Debug\TBitField.obj
         Debug\TSet.obj
         TSet_2.vcxproj -> D:\Текущее\Поля\TSet_2\Debug\TSet_2.exe
       Manifest:
         c:\Program Files (x86)\Microsoft SDKs\Windows\v7.0A\bin\mt.exe /nologo /verbose /outputresource:"D:\Текущее\Поля\TSet_2\Debug\TSet_2.exe;#1" /manifest Debug\TSet_2.exe.intermediate.manifest
       FinalizeBuildStatus:
         Deleting file "Debug\TSet_2.unsuccessfulbuild".
         Touching "Debug\TSet_2.lastbuildstate".
     1>Done Building Project "D:\Текущее\Поля\TSet_2\TSet_2\TSet_2.vcxproj" (build target(s)).

Build succeeded.

Time Elapsed 00:00:49.62
